<?xml version="1.0" encoding="UTF-8"?>
<testsuite xmlns:xsi="http://www.w3.org/2001/XMLSchema-instance" xsi:noNamespaceSchemaLocation="https://maven.apache.org/surefire/maven-surefire-plugin/xsd/surefire-test-report.xsd" name="br.com.clinicavetgama.ClinicaVetGamaApplicationTests" time="30.614" tests="15" errors="0" skipped="0" failures="0">
  <properties>
[...]
</properties>
  <testcase name="deveAdicionarUmPet" classname="br.com.clinicavetgama.ClinicaVetGamaApplicationTests" time="0.703"/>
  <testcase name="deveEditarUmPet" classname="br.com.clinicavetgama.ClinicaVetGamaApplicationTests" time="1.082"/>
  <testcase name="deveObterTodosOsPets" classname="br.com.clinicavetgama.ClinicaVetGamaApplicationTests" time="1.692"/>
  <testcase name="deveObterUmPetEspecifico" classname="br.com.clinicavetgama.ClinicaVetGamaApplicationTests" time="0.527"/>
  <testcase name="deveAdicionarUmTutor" classname="br.com.clinicavetgama.ClinicaVetGamaApplicationTests" time="1.663"/>
  <testcase name="deveEditarUmTutor" classname="br.com.clinicavetgama.ClinicaVetGamaApplicationTests" time="1.638"/>
  <testcase name="deveObterTodosOsTutores" classname="br.com.clinicavetgama.ClinicaVetGamaApplicationTests" time="1.021"/>
  <testcase name="deveObterUmTutorEspecifico" classname="br.com.clinicavetgama.ClinicaVetGamaApplicationTests" time="0.409"/>
  <testcase name="deveCriarUmAgendamento" classname="br.com.clinicavetgama.ClinicaVetGamaApplicationTests" time="1.844"/>
  <testcase name="deveEditarUmAgendamento" classname="br.com.clinicavetgama.ClinicaVetGamaApplicationTests" time="2.047"/>
  <testcase name="deveObterTodosOsAgendamentos" classname="br.com.clinicavetgama.ClinicaVetGamaApplicationTests" time="2.047"/>
  <testcase name="deveObterUmAgendamentoEspecifico" classname="br.com.clinicavetgama.ClinicaVetGamaApplicationTests" time="0.613"/>
  <testcase name="deveExcluirUmAgendamento" classname="br.com.clinicavetgama.ClinicaVetGamaApplicationTests" time="1.435"/>
  <testcase name="deveExcluirUmTutor" classname="br.com.clinicavetgama.ClinicaVetGamaApplicationTests" time="1.298"/>
  <testcase name="deveExcluirUmPet" classname="br.com.clinicavetgama.ClinicaVetGamaApplicationTests" time="1.254"/>
</testsuite>